<?xml version="1.0" encoding="UTF-8"?>
<testng-results ignored="0" total="1" passed="1" failed="0" skipped="0">
  <reporter-output>
  </reporter-output>
  <suite started-at="2021-05-29T12:22:54 IST" name="Suite" finished-at="2021-05-29T12:26:01 IST" duration-ms="187169">
    <groups>
    </groups>
    <test started-at="2021-05-29T12:22:54 IST" name="Test" finished-at="2021-05-29T12:26:01 IST" duration-ms="187169">
      <class name="tests.SampleTestCase">
        <test-method is-config="true" signature="setup()[pri:0, instance:tests.SampleTestCase@5cee5251]" started-at="2021-05-29T12:22:54 IST" name="setup" finished-at="2021-05-29T12:25:15 IST" duration-ms="141081" status="PASS">
          <reporter-output>
          </reporter-output>
        </test-method> <!-- setup -->
        <test-method signature="login()[pri:0, instance:tests.SampleTestCase@5cee5251]" started-at="2021-05-29T12:25:15 IST" name="login" finished-at="2021-05-29T12:26:01 IST" duration-ms="45455" status="PASS">
          <reporter-output>
          </reporter-output>
        </test-method> <!-- login -->
        <test-method is-config="true" signature="tearDown()[pri:0, instance:tests.SampleTestCase@5cee5251]" started-at="2021-05-29T12:26:01 IST" name="tearDown" finished-at="2021-05-29T12:26:01 IST" duration-ms="594" status="PASS">
          <reporter-output>
          </reporter-output>
        </test-method> <!-- tearDown -->
      </class> <!-- tests.SampleTestCase -->
    </test> <!-- Test -->
  </suite> <!-- Suite -->
</testng-results>
