<?xml version="1.0" encoding="UTF-8"?>
<testng-results ignored="0" total="1" passed="1" failed="0" skipped="0">
  <reporter-output>
  </reporter-output>
  <suite started-at="2021-06-13T06:38:05Z" name="Suite" finished-at="2021-06-13T06:38:09Z" duration-ms="4343">
    <groups>
    </groups>
    <test started-at="2021-06-13T06:38:05Z" name="Test" finished-at="2021-06-13T06:38:09Z" duration-ms="4343">
      <class name="tests.LoginTest">
        <test-method signature="doLogin()[pri:0, instance:tests.LoginTest@65f095f8]" started-at="2021-06-13T06:38:05Z" name="doLogin" finished-at="2021-06-13T06:38:09Z" duration-ms="4315" status="PASS">
          <reporter-output>
          </reporter-output>
        </test-method> <!-- doLogin -->
      </class> <!-- tests.LoginTest -->
    </test> <!-- Test -->
  </suite> <!-- Suite -->
</testng-results>
